#
# There is insufficient memory for the Java Runtime Environment to continue.
# Native memory allocation (mmap) failed to map 402653184 bytes for G1 virtual space
# Possible reasons:
#   The system is out of physical RAM or swap space
#   The process is running with CompressedOops enabled, and the Java Heap may be blocking the growth of the native heap
# Possible solutions:
#   Reduce memory load on the system
#   Increase physical memory or swap space
#   Check if swap backing store is full
#   Decrease Java heap size (-Xmx/-Xms)
#   Decrease number of Java threads
#   Decrease Java thread stack sizes (-Xss)
#   Set larger code cache with -XX:ReservedCodeCacheSize=
#   JVM is running with Zero Based Compressed Oops mode in which the Java heap is
#     placed in the first 32GB address space. The Java Heap base address is the
#     maximum limit for the native heap growth. Please use -XX:HeapBaseMinAddress
#     to set the Java Heap base and to place the Java Heap above 32GB virtual address.
# This output file may be truncated or incomplete.
#
#  Out of Memory Error (os_windows.cpp:3769), pid=44464, tid=30420
#
# JRE version:  (17.0.6+10) (build )
# Java VM: OpenJDK 64-Bit Server VM (17.0.6+10-b829.9, mixed mode, sharing, tiered, compressed oops, compressed class ptrs, g1 gc, windows-amd64)
# No core dump will be written. Minidumps are not enabled by default on client versions of Windows
#

---------------  S U M M A R Y ------------

Command Line: git4idea.http.GitAskPassApp Username for 'https://github.com': 

Host: Intel(R) Core(TM) i7-8750H CPU @ 2.20GHz, 12 cores, 23G,  Windows 11 , 64 bit Build 22621 (10.0.22621.1778)
Time: Mon Jun 19 17:56:01 2023 Korea Standard Time elapsed time: 0.061752 seconds (0d 0h 0m 0s)

---------------  T H R E A D  ---------------

Current thread (0x000002179aafcdc0):  JavaThread "Unknown thread" [_thread_in_vm, id=30420, stack(0x0000002900100000,0x0000002900200000)]

Stack: [0x0000002900100000,0x0000002900200000]
Native frames: (J=compiled Java code, j=interpreted, Vv=VM code, C=native code)
V  [jvm.dll+0x683c5a]
V  [jvm.dll+0x842764]
V  [jvm.dll+0x843f5e]
V  [jvm.dll+0x8445c3]
V  [jvm.dll+0x249b75]
V  [jvm.dll+0x680b29]
V  [jvm.dll+0x67501a]
V  [jvm.dll+0x309acb]
V  [jvm.dll+0x310f86]
V  [jvm.dll+0x3608ee]
V  [jvm.dll+0x360b1f]
V  [jvm.dll+0x2dfbf8]
V  [jvm.dll+0x2e0b64]
V  [jvm.dll+0x814051]
V  [jvm.dll+0x36e6a1]
V  [jvm.dll+0x7f358c]
V  [jvm.dll+0x3f0e8f]
V  [jvm.dll+0x3f29d1]
C  [jli.dll+0x526b]
C  [ucrtbase.dll+0x29363]
C  [KERNEL32.DLL+0x126ad]
C  [ntdll.dll+0x5a9f8]


---------------  P R O C E S S  ---------------

Threads class SMR info:
_java_thread_list=0x00007ffbbc94c058, length=0, elements={
}

Java Threads: ( => current thread )

Other Threads:
  0x000002179ab862f0 GCTaskThread "GC Thread#0" [stack: 0x0000002900200000,0x0000002900300000] [id=6728]
  0x000002179ab94140 ConcurrentGCThread "G1 Main Marker" [stack: 0x0000002900300000,0x0000002900400000] [id=39436]
  0x000002179ab94cb0 ConcurrentGCThread "G1 Conc#0" [stack: 0x0000002900400000,0x0000002900500000] [id=41208]

[error occurred during error reporting (printing all threads), id 0xc0000005, EXCEPTION_ACCESS_VIOLATION (0xc0000005) at pc=0x00007ffbbc100797]

VM state: not at safepoint (not fully initialized)

VM Mutex/Monitor currently owned by a thread:  ([mutex/lock_event])
[0x000002179aaf5eb0] Heap_lock - owner thread: 0x000002179aafcdc0

Heap address: 0x0000000682000000, size: 6112 MB, Compressed Oops mode: Zero based, Oop shift amount: 3

CDS archive(s) mapped at: [0x0000000000000000-0x0000000000000000-0x0000000000000000), size 0, SharedBaseAddress: 0x0000000800000000, ArchiveRelocationMode: 0.
Narrow klass base: 0x0000000000000000, Narrow klass shift: 0, Narrow klass range: 0x0

GC Precious Log:
<Empty>

Heap:
 garbage-first heap   total 0K, used 0K [0x0000000682000000, 0x0000000800000000)
  region size 4096K, 0 young (0K), 0 survivors (0K)

[error occurred during error reporting (printing heap information), id 0xc0000005, EXCEPTION_ACCESS_VIOLATION (0xc0000005) at pc=0x00007ffbbc4eda49]

GC Heap History (0 events):
No events

Dll operation events (1 events):
Event: 0.024 Loaded shared library D:\JetBrains\Toolbox\apps\IDEA-C\ch-0\231.9011.34\jbr\bin\java.dll

Deoptimization events (0 events):
No events

Classes unloaded (0 events):
No events

Classes redefined (0 events):
No events

Internal exceptions (0 events):
No events

VM Operations (0 events):
No events

Events (0 events):
No events


Dynamic libraries:
0x00007ff61fc20000 - 0x00007ff61fc2a000 	D:\JetBrains\Toolbox\apps\IDEA-C\ch-0\231.9011.34\jbr\bin\java.exe
0x00007ffc64cf0000 - 0x00007ffc64f04000 	C:\WINDOWS\SYSTEM32\ntdll.dll
0x00007ffc63090000 - 0x00007ffc63152000 	C:\WINDOWS\System32\KERNEL32.DLL
0x00007ffc623d0000 - 0x00007ffc62773000 	C:\WINDOWS\System32\KERNELBASE.dll
0x00007ffc62210000 - 0x00007ffc62321000 	C:\WINDOWS\System32\ucrtbase.dll
0x00007ffc38f90000 - 0x00007ffc38fab000 	D:\JetBrains\Toolbox\apps\IDEA-C\ch-0\231.9011.34\jbr\bin\VCRUNTIME140.dll
0x00007ffc35d00000 - 0x00007ffc35d17000 	D:\JetBrains\Toolbox\apps\IDEA-C\ch-0\231.9011.34\jbr\bin\jli.dll
0x00007ffc63160000 - 0x00007ffc6330b000 	C:\WINDOWS\System32\USER32.dll
0x00007ffc621e0000 - 0x00007ffc62206000 	C:\WINDOWS\System32\win32u.dll
0x00007ffc64060000 - 0x00007ffc64089000 	C:\WINDOWS\System32\GDI32.dll
0x00007ffc62780000 - 0x00007ffc62899000 	C:\WINDOWS\System32\gdi32full.dll
0x00007ffc62330000 - 0x00007ffc623ca000 	C:\WINDOWS\System32\msvcp_win.dll
0x00007ffc58810000 - 0x00007ffc58a9e000 	C:\WINDOWS\WinSxS\amd64_microsoft.windows.common-controls_6595b64144ccf1df_6.0.22621.1635_none_270f70857386168e\COMCTL32.dll
0x00007ffc63ed0000 - 0x00007ffc63f77000 	C:\WINDOWS\System32\msvcrt.dll
0x00007ffc62bd0000 - 0x00007ffc62c01000 	C:\WINDOWS\System32\IMM32.DLL
0x00007ffc5b830000 - 0x00007ffc5b83c000 	D:\JetBrains\Toolbox\apps\IDEA-C\ch-0\231.9011.34\jbr\bin\vcruntime140_1.dll
0x00007ffc32350000 - 0x00007ffc323dd000 	D:\JetBrains\Toolbox\apps\IDEA-C\ch-0\231.9011.34\jbr\bin\msvcp140.dll
0x00007ffbbbe10000 - 0x00007ffbbca7e000 	D:\JetBrains\Toolbox\apps\IDEA-C\ch-0\231.9011.34\jbr\bin\server\jvm.dll
0x00007ffc640b0000 - 0x00007ffc6415e000 	C:\WINDOWS\System32\ADVAPI32.dll
0x00007ffc63e00000 - 0x00007ffc63ea4000 	C:\WINDOWS\System32\sechost.dll
0x00007ffc63b20000 - 0x00007ffc63c37000 	C:\WINDOWS\System32\RPCRT4.dll
0x00007ffc5b860000 - 0x00007ffc5b869000 	C:\WINDOWS\SYSTEM32\WSOCK32.dll
0x00007ffc5a150000 - 0x00007ffc5a15a000 	C:\WINDOWS\SYSTEM32\VERSION.dll
0x00007ffc63900000 - 0x00007ffc63971000 	C:\WINDOWS\System32\WS2_32.dll
0x00007ffc5a890000 - 0x00007ffc5a8c4000 	C:\WINDOWS\SYSTEM32\WINMM.dll
0x00007ffc611f0000 - 0x00007ffc61208000 	C:\WINDOWS\SYSTEM32\kernel.appcore.dll
0x00007ffc5b7c0000 - 0x00007ffc5b7ca000 	D:\JetBrains\Toolbox\apps\IDEA-C\ch-0\231.9011.34\jbr\bin\jimage.dll
0x00007ffc5fc50000 - 0x00007ffc5fe7e000 	C:\WINDOWS\SYSTEM32\DBGHELP.DLL
0x00007ffc62d00000 - 0x00007ffc63089000 	C:\WINDOWS\System32\combase.dll
0x00007ffc62c10000 - 0x00007ffc62ce7000 	C:\WINDOWS\System32\OLEAUT32.dll
0x00007ffc59a60000 - 0x00007ffc59a92000 	C:\WINDOWS\SYSTEM32\dbgcore.DLL
0x00007ffc620f0000 - 0x00007ffc6216b000 	C:\WINDOWS\System32\bcryptPrimitives.dll
0x00007ffc33450000 - 0x00007ffc33475000 	D:\JetBrains\Toolbox\apps\IDEA-C\ch-0\231.9011.34\jbr\bin\java.dll

dbghelp: loaded successfully - version: 4.0.5 - missing functions: none
symbol engine: initialized successfully - sym options: 0x614 - pdb path: .;D:\JetBrains\Toolbox\apps\IDEA-C\ch-0\231.9011.34\jbr\bin;C:\WINDOWS\SYSTEM32;C:\WINDOWS\WinSxS\amd64_microsoft.windows.common-controls_6595b64144ccf1df_6.0.22621.1635_none_270f70857386168e;D:\JetBrains\Toolbox\apps\IDEA-C\ch-0\231.9011.34\jbr\bin\server

VM Arguments:
java_command: git4idea.http.GitAskPassApp Username for 'https://github.com': 
java_class_path (initial): D:/JetBrains/Toolbox/apps/IDEA-C/ch-0/231.9011.34/plugins/vcs-git/lib/git4idea-rt.jar;D:/JetBrains/Toolbox/apps/IDEA-C/ch-0/231.9011.34/lib/externalProcess-rt.jar
Launcher Type: SUN_STANDARD

[Global flags]
     intx CICompilerCount                          = 4                                         {product} {ergonomic}
     uint ConcGCThreads                            = 3                                         {product} {ergonomic}
     uint G1ConcRefinementThreads                  = 10                                        {product} {ergonomic}
   size_t G1HeapRegionSize                         = 4194304                                   {product} {ergonomic}
    uintx GCDrainStackTargetSize                   = 64                                        {product} {ergonomic}
   size_t InitialHeapSize                          = 402653184                                 {product} {ergonomic}
   size_t MarkStackSize                            = 4194304                                   {product} {ergonomic}
   size_t MaxHeapSize                              = 6408896512                                {product} {ergonomic}
   size_t MinHeapDeltaBytes                        = 4194304                                   {product} {ergonomic}
   size_t MinHeapSize                              = 8388608                                   {product} {ergonomic}
    uintx NonNMethodCodeHeapSize                   = 5839372                                {pd product} {ergonomic}
    uintx NonProfiledCodeHeapSize                  = 122909434                              {pd product} {ergonomic}
    uintx ProfiledCodeHeapSize                     = 122909434                              {pd product} {ergonomic}
    uintx ReservedCodeCacheSize                    = 251658240                              {pd product} {ergonomic}
     bool SegmentedCodeCache                       = true                                      {product} {ergonomic}
   size_t SoftMaxHeapSize                          = 6408896512                             {manageable} {ergonomic}
     bool UseCompressedClassPointers               = true                           {product lp64_product} {ergonomic}
     bool UseCompressedOops                        = true                           {product lp64_product} {ergonomic}
     bool UseG1GC                                  = true                                      {product} {ergonomic}
     bool UseLargePagesIndividualAllocation        = false                                  {pd product} {ergonomic}

Logging:
Log output configuration:
 #0: stdout all=warning uptime,level,tags
 #1: stderr all=off uptime,level,tags

Environment Variables:
JAVA_HOME=D:\JDK JAVA\Zulu\zulu-11
CLASSPATH=D:\JDK JAVA\Zulu\zulu-11lib
PATH=D:\Git\mingw64\libexec\git-core;D:\Git\mingw64\libexec\git-core;D:\Git\mingw64\bin;D:\Git\usr\bin;C:\Users\lts89\bin;C:\Program Files\Zulu\zulu-11-jre\bin;D:\JDK JAVA\Zulu\zulu-11\bin;C:\Program Files\NVIDIA GPU Computing Toolkit\CUDA\v11.5\bin;C:\Program Files\NVIDIA GPU Computing Toolkit\CUDA\v11.5\libnvvp;C:\Program Files (x86)\NAT Service;C:\Windows\system32;C:\Windows;C:\Windows\System32\Wbem;C:\Windows\System32\WindowsPowerShell\v1.0;C:\Program Files (x86)\NVIDIA Corporation\PhysX\Common;C:\Program Files\Intel\WiFi\bin;C:\Program Files\Common Files\Intel\WirelessCommon;C:\WINDOWS\system32;C:\WINDOWS;C:\WINDOWS\System32\Wbem;C:\WINDOWS\System32\WindowsPowerShell\v1.0;C:\WINDOWS\System32\OpenSSH;C:\Program Files (x86)\Intel\Intel(R) Management Engine Components\DAL;C:\Program Files\Intel\Intel(R) Management Engine Components\DAL;C:\Program Files\dotnet;C:\Program Files\NVIDIA Corporation\Nsight Compute 2021.3.1;C:\Program Files\NVIDIA Corporation\NVIDIA NvDLISR;D:\Git\cmd;C:\WINDOWS\system32;C:\WINDOWS;C:\WINDOWS\System32\Wbem;C:\WINDOWS\System32\WindowsPowerShell\v1.0;C:\WINDOWS\System32\OpenSSH;D:\Nodejs;C:\ProgramData\chocolatey\bin;D:\JDK JAVA\Zulu\zulu-11bin;C:\Program Files\Docker\Docker\resources\bin;C:\Program Files\MySQL\MySQL Shell 8.0\bin;D:\Python\Scripts;D:\Python;C:\Users\lts89\AppData\Local\Microsoft\WindowsApps;D:\Microsoft VS Code\bin;C:\Users\lts89\.dotnet\tools;C:\Users\lts89\AppData\Local\GitHubDesktop\bin;C:\Users\lts89\AppData\Roaming\npm;D:\flutter\bin;C:\Users\lts89\AppData\Local\JetBrains\Toolbox\scripts;D:\JetBrains\IntelliJ IDEA 2022.3.2\bin;D:\JetBrains\IntelliJ IDEA Community Edition 2022.3.2\bin
USERNAME=lts89
DISPLAY=:0.0
LC_ALL=en_US.UTF-8
TERM=cygwin
TMPDIR=C:\Users\lts89\AppData\Local\Temp
OS=Windows_NT
PROCESSOR_IDENTIFIER=Intel64 Family 6 Model 158 Stepping 10, GenuineIntel
TMP=C:\Users\lts89\AppData\Local\Temp
TEMP=C:\Users\lts89\AppData\Local\Temp


JNI global refs:

[error occurred during error reporting (JNI global references), id 0xc0000005, EXCEPTION_ACCESS_VIOLATION (0xc0000005) at pc=0x00007ffbbbec7a10]


---------------  S Y S T E M  ---------------

OS:
 Windows 11 , 64 bit Build 22621 (10.0.22621.1778)
OS uptime: 0 days 17:07 hours
Hyper-V role detected

CPU: total 12 (initial active 12) (6 cores per cpu, 2 threads per core) family 6 model 158 stepping 10 microcode 0xf0, cx8, cmov, fxsr, ht, mmx, 3dnowpref, sse, sse2, sse3, ssse3, sse4.1, sse4.2, popcnt, lzcnt, tsc, tscinvbit, avx, avx2, aes, erms, clmul, bmi1, bmi2, adx, fma, vzeroupper, clflush, clflushopt, hv

Memory: 4k page, system-wide physical 24434M (9065M free)
TotalPageFile size 24434M (AvailPageFile size 380M)
current process WorkingSet (physical memory assigned to process): 11M, peak: 11M
current process commit charge ("private bytes"): 64M, peak: 448M

vm_info: OpenJDK 64-Bit Server VM (17.0.6+10-b829.9) for windows-amd64 JRE (17.0.6+10-b829.9), built on 2023-04-09 by "builduser" with MS VC++ 16.10 / 16.11 (VS2019)

END.
